2025-01-16 11:21:10,922 [Worker-9: Loading available Gradle versions] INFO  o.e.b.c.i.u.g.PublishedGradleVersions - Gradle version information cache is out-of-date. Trying to update.
2025-01-16 11:23:45,951 [Worker-7: Enabling Maven Dependency Management] INFO  o.e.m.c.i.e.AbstractTransferListenerAdapter - Downloading https://repo.maven.apache.org/maven2/org/apache/maven/plugins/maven-surefire-plugin/3.2.2/maven-surefire-plugin-3.2.2.jar
2025-01-16 11:23:46,355 [Worker-7: Enabling Maven Dependency Management] INFO  o.e.m.c.i.e.AbstractTransferListenerAdapter - Downloaded https://repo.maven.apache.org/maven2/org/apache/maven/plugins/maven-surefire-plugin/3.2.2/maven-surefire-plugin-3.2.2.jar
2025-01-16 11:23:51,948 [Worker-7: Enabling Maven Dependency Management] INFO  o.e.m.c.i.l.LifecycleMappingFactory - Using org.eclipse.m2e.jdt.JarLifecycleMapping lifecycle mapping for MavenProject: Polynomial:Polynomial:0.0.1-SNAPSHOT @ C:\Chikki\Catlog\Polynomial\pom.xml.
2025-01-16 11:23:52,166 [Worker-7: Enabling Maven Dependency Management] INFO  o.e.m.c.i.e.AbstractTransferListenerAdapter - Downloading https://repo.maven.apache.org/maven2/org/apache/maven/plugins/maven-surefire-plugin/3.2.2/maven-surefire-plugin-3.2.2.pom
2025-01-16 11:23:52,201 [Worker-7: Enabling Maven Dependency Management] INFO  o.e.m.c.i.e.AbstractTransferListenerAdapter - Downloaded https://repo.maven.apache.org/maven2/org/apache/maven/plugins/maven-surefire-plugin/3.2.2/maven-surefire-plugin-3.2.2.pom
2025-01-16 11:23:52,269 [Worker-7: Enabling Maven Dependency Management] INFO  o.e.m.c.i.e.AbstractTransferListenerAdapter - Downloading https://repo.maven.apache.org/maven2/org/apache/maven/surefire/surefire/3.2.2/surefire-3.2.2.pom
2025-01-16 11:23:52,318 [Worker-7: Enabling Maven Dependency Management] INFO  o.e.m.c.i.e.AbstractTransferListenerAdapter - Downloaded https://repo.maven.apache.org/maven2/org/apache/maven/surefire/surefire/3.2.2/surefire-3.2.2.pom
2025-01-16 11:23:52,387 [Worker-7: Enabling Maven Dependency Management] INFO  o.e.m.c.i.e.AbstractTransferListenerAdapter - Downloading https://repo.maven.apache.org/maven2/org/apache/maven/maven-parent/40/maven-parent-40.pom
2025-01-16 11:23:52,442 [Worker-7: Enabling Maven Dependency Management] INFO  o.e.m.c.i.e.AbstractTransferListenerAdapter - Downloaded https://repo.maven.apache.org/maven2/org/apache/maven/maven-parent/40/maven-parent-40.pom
2025-01-16 11:23:54,943 [Worker-16: Building] WARN  o.a.m.s.f.DefaultMavenResourcesFiltering - Using platform encoding (Cp1252 actually) to copy filtered resources, i.e. build is platform dependent!
2025-01-16 11:23:54,946 [Worker-16: Building] INFO  o.a.m.s.f.DefaultMavenResourcesFiltering - skip non existing resourceDirectory C:\Chikki\Catlog\Polynomial\src\main\resources
2025-01-16 11:23:54,952 [Worker-16: Building] WARN  o.a.m.s.f.DefaultMavenResourcesFiltering - Using platform encoding (Cp1252 actually) to copy filtered resources, i.e. build is platform dependent!
2025-01-16 11:23:54,953 [Worker-16: Building] INFO  o.a.m.s.f.DefaultMavenResourcesFiltering - skip non existing resourceDirectory C:\Chikki\Catlog\Polynomial\src\test\resources
2025-01-16 11:23:55,567 [Worker-7: Enabling Maven Dependency Management] INFO  o.e.m.j.i.AbstractJavaProjectConfigurator - Adding source folder /Polynomial/src
2025-01-16 11:23:55,569 [Worker-7: Enabling Maven Dependency Management] INFO  o.e.m.j.i.AbstractJavaProjectConfigurator - Resources folder /Polynomial/src/main/resources overlaps with sources folder /Polynomial/src
2025-01-16 11:23:55,573 [Worker-7: Enabling Maven Dependency Management] INFO  o.e.m.j.i.AbstractJavaProjectConfigurator - Not adding source folder /Polynomial/src/test/java because it overlaps with /Polynomial/src
2025-01-16 11:23:55,575 [Worker-7: Enabling Maven Dependency Management] INFO  o.e.m.j.i.AbstractJavaProjectConfigurator - Resources folder /Polynomial/src/test/resources overlaps with sources folder /Polynomial/src
2025-01-16 11:23:56,091 [Worker-7: Enabling Maven Dependency Management] INFO  o.e.m.c.i.p.ProjectConfigurationManager - Update started
2025-01-16 11:23:56,599 [Worker-7: Enabling Maven Dependency Management] INFO  o.e.m.c.i.l.LifecycleMappingFactory - Using org.eclipse.m2e.jdt.JarLifecycleMapping lifecycle mapping for MavenProject: Polynomial:Polynomial:0.0.1-SNAPSHOT @ C:\Chikki\Catlog\Polynomial\pom.xml.
2025-01-16 11:23:56,822 [Worker-7: Enabling Maven Dependency Management] INFO  o.e.m.j.i.AbstractJavaProjectConfigurator - Adding source folder /Polynomial/src
2025-01-16 11:23:56,824 [Worker-7: Enabling Maven Dependency Management] INFO  o.e.m.j.i.AbstractJavaProjectConfigurator - Resources folder /Polynomial/src/main/resources overlaps with sources folder /Polynomial/src
2025-01-16 11:23:56,826 [Worker-7: Enabling Maven Dependency Management] INFO  o.e.m.j.i.AbstractJavaProjectConfigurator - Not adding source folder /Polynomial/src/test/java because it overlaps with /Polynomial/src
2025-01-16 11:23:56,827 [Worker-7: Enabling Maven Dependency Management] INFO  o.e.m.j.i.AbstractJavaProjectConfigurator - Resources folder /Polynomial/src/test/resources overlaps with sources folder /Polynomial/src
2025-01-16 11:23:56,971 [Worker-7: Enabling Maven Dependency Management] INFO  o.e.m.c.i.p.ProjectConfigurationManager - Update completed for 1 poms: local refresh takes 0.00 sec, refresh facades takes 0.00 sec, update config takes 0.00 sec 
2025-01-16 11:23:57,243 [Worker-6: Building] WARN  o.a.m.s.f.DefaultMavenResourcesFiltering - Using platform encoding (Cp1252 actually) to copy filtered resources, i.e. build is platform dependent!
2025-01-16 11:23:57,245 [Worker-6: Building] INFO  o.a.m.s.f.DefaultMavenResourcesFiltering - skip non existing resourceDirectory C:\Chikki\Catlog\Polynomial\src\main\resources
2025-01-16 11:23:57,249 [Worker-6: Building] WARN  o.a.m.s.f.DefaultMavenResourcesFiltering - Using platform encoding (Cp1252 actually) to copy filtered resources, i.e. build is platform dependent!
2025-01-16 11:23:57,250 [Worker-6: Building] INFO  o.a.m.s.f.DefaultMavenResourcesFiltering - skip non existing resourceDirectory C:\Chikki\Catlog\Polynomial\src\test\resources
2025-01-16 11:34:27,158 [Worker-19: Updating Maven Project] INFO  o.e.m.c.i.p.ProjectConfigurationManager - Update started
2025-01-16 11:34:27,940 [Worker-19: Updating Maven Project] INFO  o.e.m.c.i.l.LifecycleMappingFactory - Using org.eclipse.m2e.jdt.JarLifecycleMapping lifecycle mapping for MavenProject: Polynomial:Polynomial:0.0.1-SNAPSHOT @ C:\Chikki\Catlog\Polynomial\pom.xml.
2025-01-16 11:34:28,230 [Worker-19: Updating Maven Project] INFO  o.e.m.j.i.AbstractJavaProjectConfigurator - Adding source folder /Polynomial/src
2025-01-16 11:34:28,232 [Worker-19: Updating Maven Project] INFO  o.e.m.j.i.AbstractJavaProjectConfigurator - Resources folder /Polynomial/src/main/resources overlaps with sources folder /Polynomial/src
2025-01-16 11:34:28,233 [Worker-19: Updating Maven Project] INFO  o.e.m.j.i.AbstractJavaProjectConfigurator - Not adding source folder /Polynomial/src/test/java because it overlaps with /Polynomial/src
2025-01-16 11:34:28,234 [Worker-19: Updating Maven Project] INFO  o.e.m.j.i.AbstractJavaProjectConfigurator - Resources folder /Polynomial/src/test/resources overlaps with sources folder /Polynomial/src
2025-01-16 11:34:28,473 [Worker-19: Updating Maven Project] INFO  o.e.m.c.i.p.ProjectConfigurationManager - Update completed for 1 poms: local refresh takes 0.00 sec, refresh facades takes 0.00 sec, update config takes 0.00 sec 
2025-01-16 11:34:28,627 [Worker-20: Building] WARN  o.a.m.s.f.DefaultMavenResourcesFiltering - Using platform encoding (Cp1252 actually) to copy filtered resources, i.e. build is platform dependent!
2025-01-16 11:34:28,629 [Worker-20: Building] INFO  o.a.m.s.f.DefaultMavenResourcesFiltering - skip non existing resourceDirectory C:\Chikki\Catlog\Polynomial\src\main\resources
2025-01-16 11:34:28,636 [Worker-20: Building] WARN  o.a.m.s.f.DefaultMavenResourcesFiltering - Using platform encoding (Cp1252 actually) to copy filtered resources, i.e. build is platform dependent!
2025-01-16 11:34:28,639 [Worker-20: Building] INFO  o.a.m.s.f.DefaultMavenResourcesFiltering - skip non existing resourceDirectory C:\Chikki\Catlog\Polynomial\src\test\resources
2025-01-16 11:35:02,700 [Worker-19: Building] WARN  o.a.m.s.f.DefaultMavenResourcesFiltering - Using platform encoding (Cp1252 actually) to copy filtered resources, i.e. build is platform dependent!
2025-01-16 11:35:02,702 [Worker-19: Building] INFO  o.a.m.s.f.DefaultMavenResourcesFiltering - skip non existing resourceDirectory C:\Chikki\Catlog\Polynomial\src\main\resources
2025-01-16 11:35:02,709 [Worker-19: Building] WARN  o.a.m.s.f.DefaultMavenResourcesFiltering - Using platform encoding (Cp1252 actually) to copy filtered resources, i.e. build is platform dependent!
2025-01-16 11:35:02,712 [Worker-19: Building] INFO  o.a.m.s.f.DefaultMavenResourcesFiltering - skip non existing resourceDirectory C:\Chikki\Catlog\Polynomial\src\test\resources
2025-01-16 11:36:59,550 [Worker-19: Building] INFO  o.e.m.c.i.l.LifecycleMappingFactory - Using org.eclipse.m2e.jdt.JarLifecycleMapping lifecycle mapping for MavenProject: Polynomial:Polynomial:0.0.1-SNAPSHOT @ C:\Chikki\Catlog\Polynomial\pom.xml.
2025-01-16 11:36:59,661 [Worker-19: Building] INFO  o.e.m.c.i.e.AbstractTransferListenerAdapter - Downloading https://repo.maven.apache.org/maven2/com/fasterxml/jackson/core/jackson-databind/2.15.2/jackson-databind-2.15.2.pom
2025-01-16 11:36:59,745 [Worker-19: Building] INFO  o.e.m.c.i.e.AbstractTransferListenerAdapter - Downloaded https://repo.maven.apache.org/maven2/com/fasterxml/jackson/core/jackson-databind/2.15.2/jackson-databind-2.15.2.pom
2025-01-16 11:36:59,786 [Worker-19: Building] INFO  o.e.m.c.i.e.AbstractTransferListenerAdapter - Downloading https://repo.maven.apache.org/maven2/com/fasterxml/jackson/jackson-base/2.15.2/jackson-base-2.15.2.pom
2025-01-16 11:36:59,830 [Worker-19: Building] INFO  o.e.m.c.i.e.AbstractTransferListenerAdapter - Downloaded https://repo.maven.apache.org/maven2/com/fasterxml/jackson/jackson-base/2.15.2/jackson-base-2.15.2.pom
2025-01-16 11:36:59,892 [Worker-19: Building] INFO  o.e.m.c.i.e.AbstractTransferListenerAdapter - Downloading https://repo.maven.apache.org/maven2/com/fasterxml/jackson/core/jackson-annotations/2.15.2/jackson-annotations-2.15.2.pom
2025-01-16 11:36:59,944 [Worker-19: Building] INFO  o.e.m.c.i.e.AbstractTransferListenerAdapter - Downloaded https://repo.maven.apache.org/maven2/com/fasterxml/jackson/core/jackson-annotations/2.15.2/jackson-annotations-2.15.2.pom
2025-01-16 11:36:59,981 [Worker-19: Building] INFO  o.e.m.c.i.e.AbstractTransferListenerAdapter - Downloading https://repo.maven.apache.org/maven2/com/fasterxml/jackson/core/jackson-core/2.15.2/jackson-core-2.15.2.pom
2025-01-16 11:37:00,049 [Worker-19: Building] INFO  o.e.m.c.i.e.AbstractTransferListenerAdapter - Downloaded https://repo.maven.apache.org/maven2/com/fasterxml/jackson/core/jackson-core/2.15.2/jackson-core-2.15.2.pom
2025-01-16 11:37:00,108 [Worker-19: Building] INFO  o.e.m.c.i.e.AbstractTransferListenerAdapter - Downloading https://repo.maven.apache.org/maven2/com/fasterxml/jackson/core/jackson-databind/2.15.2/jackson-databind-2.15.2.jar
2025-01-16 11:37:00,402 [Worker-19: Building] INFO  o.e.m.c.i.e.AbstractTransferListenerAdapter - Downloaded https://repo.maven.apache.org/maven2/com/fasterxml/jackson/core/jackson-databind/2.15.2/jackson-databind-2.15.2.jar
2025-01-16 11:37:00,426 [BasicRepositoryConnector-repo.maven.apache.org-0-0] INFO  o.e.m.c.i.e.AbstractTransferListenerAdapter - Downloading https://repo.maven.apache.org/maven2/com/fasterxml/jackson/core/jackson-core/2.15.2/jackson-core-2.15.2.jar
2025-01-16 11:37:00,523 [BasicRepositoryConnector-repo.maven.apache.org-0-1] INFO  o.e.m.c.i.e.AbstractTransferListenerAdapter - Downloading https://repo.maven.apache.org/maven2/com/fasterxml/jackson/core/jackson-annotations/2.15.2/jackson-annotations-2.15.2.jar
2025-01-16 11:37:00,541 [BasicRepositoryConnector-repo.maven.apache.org-0-0] INFO  o.e.m.c.i.e.AbstractTransferListenerAdapter - Downloaded https://repo.maven.apache.org/maven2/com/fasterxml/jackson/core/jackson-core/2.15.2/jackson-core-2.15.2.jar
2025-01-16 11:37:00,622 [BasicRepositoryConnector-repo.maven.apache.org-0-1] INFO  o.e.m.c.i.e.AbstractTransferListenerAdapter - Downloaded https://repo.maven.apache.org/maven2/com/fasterxml/jackson/core/jackson-annotations/2.15.2/jackson-annotations-2.15.2.jar
2025-01-16 11:37:00,803 [Worker-19: Building] WARN  o.a.m.s.f.DefaultMavenResourcesFiltering - Using platform encoding (Cp1252 actually) to copy filtered resources, i.e. build is platform dependent!
2025-01-16 11:37:00,807 [Worker-19: Building] INFO  o.a.m.s.f.DefaultMavenResourcesFiltering - skip non existing resourceDirectory C:\Chikki\Catlog\Polynomial\src\main\resources
2025-01-16 11:37:00,812 [Worker-19: Building] WARN  o.a.m.s.f.DefaultMavenResourcesFiltering - Using platform encoding (Cp1252 actually) to copy filtered resources, i.e. build is platform dependent!
2025-01-16 11:37:00,813 [Worker-19: Building] INFO  o.a.m.s.f.DefaultMavenResourcesFiltering - skip non existing resourceDirectory C:\Chikki\Catlog\Polynomial\src\test\resources
2025-01-16 11:37:01,751 [Worker-23: Download sources and javadoc] INFO  o.e.m.c.i.e.AbstractTransferListenerAdapter - Downloading https://repo.maven.apache.org/maven2/com/fasterxml/jackson/core/jackson-databind/2.15.2/jackson-databind-2.15.2-sources.jar
2025-01-16 11:37:01,979 [Worker-23: Download sources and javadoc] INFO  o.e.m.c.i.e.AbstractTransferListenerAdapter - Downloaded https://repo.maven.apache.org/maven2/com/fasterxml/jackson/core/jackson-databind/2.15.2/jackson-databind-2.15.2-sources.jar
2025-01-16 11:37:01,985 [Worker-23: Download sources and javadoc] INFO  o.e.m.j.internal.DownloadSourcesJob - Downloaded sources for com.fasterxml.jackson.core:jackson-databind:2.15.2
2025-01-16 11:37:02,070 [Worker-23: Download sources and javadoc] INFO  o.e.m.c.i.e.AbstractTransferListenerAdapter - Downloading https://repo.maven.apache.org/maven2/com/fasterxml/jackson/core/jackson-core/2.15.2/jackson-core-2.15.2-sources.jar
2025-01-16 11:37:02,237 [Worker-23: Download sources and javadoc] INFO  o.e.m.c.i.e.AbstractTransferListenerAdapter - Downloaded https://repo.maven.apache.org/maven2/com/fasterxml/jackson/core/jackson-core/2.15.2/jackson-core-2.15.2-sources.jar
2025-01-16 11:37:02,248 [Worker-23: Download sources and javadoc] INFO  o.e.m.j.internal.DownloadSourcesJob - Downloaded sources for com.fasterxml.jackson.core:jackson-core:2.15.2
2025-01-16 11:37:02,278 [Worker-20: Building] WARN  o.a.m.s.f.DefaultMavenResourcesFiltering - Using platform encoding (Cp1252 actually) to copy filtered resources, i.e. build is platform dependent!
2025-01-16 11:37:02,280 [Worker-20: Building] INFO  o.a.m.s.f.DefaultMavenResourcesFiltering - skip non existing resourceDirectory C:\Chikki\Catlog\Polynomial\src\main\resources
2025-01-16 11:37:02,284 [Worker-20: Building] WARN  o.a.m.s.f.DefaultMavenResourcesFiltering - Using platform encoding (Cp1252 actually) to copy filtered resources, i.e. build is platform dependent!
2025-01-16 11:37:02,286 [Worker-20: Building] INFO  o.a.m.s.f.DefaultMavenResourcesFiltering - skip non existing resourceDirectory C:\Chikki\Catlog\Polynomial\src\test\resources
2025-01-16 11:37:02,349 [Worker-23: Download sources and javadoc] INFO  o.e.m.c.i.e.AbstractTransferListenerAdapter - Downloading https://repo.maven.apache.org/maven2/com/fasterxml/jackson/core/jackson-annotations/2.15.2/jackson-annotations-2.15.2-sources.jar
2025-01-16 11:37:02,427 [Worker-23: Download sources and javadoc] INFO  o.e.m.c.i.e.AbstractTransferListenerAdapter - Downloaded https://repo.maven.apache.org/maven2/com/fasterxml/jackson/core/jackson-annotations/2.15.2/jackson-annotations-2.15.2-sources.jar
2025-01-16 11:37:02,436 [Worker-23: Download sources and javadoc] INFO  o.e.m.j.internal.DownloadSourcesJob - Downloaded sources for com.fasterxml.jackson.core:jackson-annotations:2.15.2
2025-01-16 11:37:30,816 [Worker-24: Updating Maven Project] INFO  o.e.m.c.i.p.ProjectConfigurationManager - Update started
2025-01-16 11:37:31,380 [Worker-24: Updating Maven Project] INFO  o.e.m.c.i.l.LifecycleMappingFactory - Using org.eclipse.m2e.jdt.JarLifecycleMapping lifecycle mapping for MavenProject: Polynomial:Polynomial:0.0.1-SNAPSHOT @ C:\Chikki\Catlog\Polynomial\pom.xml.
2025-01-16 11:37:31,640 [Worker-24: Updating Maven Project] INFO  o.e.m.j.i.AbstractJavaProjectConfigurator - Adding source folder /Polynomial/src
2025-01-16 11:37:31,641 [Worker-24: Updating Maven Project] INFO  o.e.m.j.i.AbstractJavaProjectConfigurator - Resources folder /Polynomial/src/main/resources overlaps with sources folder /Polynomial/src
2025-01-16 11:37:31,642 [Worker-24: Updating Maven Project] INFO  o.e.m.j.i.AbstractJavaProjectConfigurator - Not adding source folder /Polynomial/src/test/java because it overlaps with /Polynomial/src
2025-01-16 11:37:31,642 [Worker-24: Updating Maven Project] INFO  o.e.m.j.i.AbstractJavaProjectConfigurator - Resources folder /Polynomial/src/test/resources overlaps with sources folder /Polynomial/src
2025-01-16 11:37:31,938 [Worker-24: Updating Maven Project] INFO  o.e.m.c.i.p.ProjectConfigurationManager - Update completed for 1 poms: local refresh takes 0.00 sec, refresh facades takes 0.00 sec, update config takes 0.00 sec 
2025-01-16 11:37:32,164 [Worker-20: Building] WARN  o.a.m.s.f.DefaultMavenResourcesFiltering - Using platform encoding (Cp1252 actually) to copy filtered resources, i.e. build is platform dependent!
2025-01-16 11:37:32,165 [Worker-20: Building] INFO  o.a.m.s.f.DefaultMavenResourcesFiltering - skip non existing resourceDirectory C:\Chikki\Catlog\Polynomial\src\main\resources
2025-01-16 11:37:32,179 [Worker-20: Building] WARN  o.a.m.s.f.DefaultMavenResourcesFiltering - Using platform encoding (Cp1252 actually) to copy filtered resources, i.e. build is platform dependent!
2025-01-16 11:37:32,181 [Worker-20: Building] INFO  o.a.m.s.f.DefaultMavenResourcesFiltering - skip non existing resourceDirectory C:\Chikki\Catlog\Polynomial\src\test\resources
2025-01-16 11:37:38,723 [Worker-20: Building] WARN  o.a.m.s.f.DefaultMavenResourcesFiltering - Using platform encoding (Cp1252 actually) to copy filtered resources, i.e. build is platform dependent!
2025-01-16 11:37:38,725 [Worker-20: Building] INFO  o.a.m.s.f.DefaultMavenResourcesFiltering - skip non existing resourceDirectory C:\Chikki\Catlog\Polynomial\src\main\resources
2025-01-16 11:37:38,729 [Worker-20: Building] WARN  o.a.m.s.f.DefaultMavenResourcesFiltering - Using platform encoding (Cp1252 actually) to copy filtered resources, i.e. build is platform dependent!
2025-01-16 11:37:38,733 [Worker-20: Building] INFO  o.a.m.s.f.DefaultMavenResourcesFiltering - skip non existing resourceDirectory C:\Chikki\Catlog\Polynomial\src\test\resources
2025-01-16 11:38:42,239 [Worker-26: Building] WARN  o.a.m.s.f.DefaultMavenResourcesFiltering - Using platform encoding (Cp1252 actually) to copy filtered resources, i.e. build is platform dependent!
2025-01-16 11:38:42,241 [Worker-26: Building] INFO  o.a.m.s.f.DefaultMavenResourcesFiltering - skip non existing resourceDirectory C:\Chikki\Catlog\Polynomial\src\main\resources
2025-01-16 11:38:42,244 [Worker-26: Building] WARN  o.a.m.s.f.DefaultMavenResourcesFiltering - Using platform encoding (Cp1252 actually) to copy filtered resources, i.e. build is platform dependent!
2025-01-16 11:38:42,247 [Worker-26: Building] INFO  o.a.m.s.f.DefaultMavenResourcesFiltering - skip non existing resourceDirectory C:\Chikki\Catlog\Polynomial\src\test\resources
2025-01-16 11:39:54,461 [Worker-19: Building] WARN  o.a.m.s.f.DefaultMavenResourcesFiltering - Using platform encoding (Cp1252 actually) to copy filtered resources, i.e. build is platform dependent!
2025-01-16 11:39:54,464 [Worker-19: Building] INFO  o.a.m.s.f.DefaultMavenResourcesFiltering - skip non existing resourceDirectory C:\Chikki\Catlog\Polynomial\src\main\resources
2025-01-16 11:39:54,468 [Worker-19: Building] WARN  o.a.m.s.f.DefaultMavenResourcesFiltering - Using platform encoding (Cp1252 actually) to copy filtered resources, i.e. build is platform dependent!
2025-01-16 11:39:54,469 [Worker-19: Building] INFO  o.a.m.s.f.DefaultMavenResourcesFiltering - skip non existing resourceDirectory C:\Chikki\Catlog\Polynomial\src\test\resources
2025-01-16 11:40:10,759 [Worker-23: Building] WARN  o.a.m.s.f.DefaultMavenResourcesFiltering - Using platform encoding (Cp1252 actually) to copy filtered resources, i.e. build is platform dependent!
2025-01-16 11:40:10,759 [Worker-23: Building] INFO  o.a.m.s.f.DefaultMavenResourcesFiltering - skip non existing resourceDirectory C:\Chikki\Catlog\Polynomial\src\main\resources
2025-01-16 11:40:10,761 [Worker-23: Building] WARN  o.a.m.s.f.DefaultMavenResourcesFiltering - Using platform encoding (Cp1252 actually) to copy filtered resources, i.e. build is platform dependent!
2025-01-16 11:40:10,762 [Worker-23: Building] INFO  o.a.m.s.f.DefaultMavenResourcesFiltering - skip non existing resourceDirectory C:\Chikki\Catlog\Polynomial\src\test\resources
2025-01-16 11:40:44,270 [Worker-10: Building] WARN  o.a.m.s.f.DefaultMavenResourcesFiltering - Using platform encoding (Cp1252 actually) to copy filtered resources, i.e. build is platform dependent!
2025-01-16 11:40:44,273 [Worker-10: Building] INFO  o.a.m.s.f.DefaultMavenResourcesFiltering - skip non existing resourceDirectory C:\Chikki\Catlog\Polynomial\src\main\resources
2025-01-16 11:40:44,277 [Worker-10: Building] WARN  o.a.m.s.f.DefaultMavenResourcesFiltering - Using platform encoding (Cp1252 actually) to copy filtered resources, i.e. build is platform dependent!
2025-01-16 11:40:44,280 [Worker-10: Building] INFO  o.a.m.s.f.DefaultMavenResourcesFiltering - skip non existing resourceDirectory C:\Chikki\Catlog\Polynomial\src\test\resources
2025-01-16 11:41:12,395 [Worker-26: Updating Maven Project] INFO  o.e.m.c.i.p.ProjectConfigurationManager - Update started
2025-01-16 11:41:12,858 [Worker-26: Updating Maven Project] INFO  o.e.m.c.i.l.LifecycleMappingFactory - Using org.eclipse.m2e.jdt.JarLifecycleMapping lifecycle mapping for MavenProject: Polynomial:Polynomial:0.0.1-SNAPSHOT @ C:\Chikki\Catlog\Polynomial\pom.xml.
2025-01-16 11:41:13,069 [Worker-26: Updating Maven Project] INFO  o.e.m.j.i.AbstractJavaProjectConfigurator - Adding source folder /Polynomial/src
2025-01-16 11:41:13,071 [Worker-26: Updating Maven Project] INFO  o.e.m.j.i.AbstractJavaProjectConfigurator - Resources folder /Polynomial/src/main/resources overlaps with sources folder /Polynomial/src
2025-01-16 11:41:13,072 [Worker-26: Updating Maven Project] INFO  o.e.m.j.i.AbstractJavaProjectConfigurator - Not adding source folder /Polynomial/src/test/java because it overlaps with /Polynomial/src
2025-01-16 11:41:13,073 [Worker-26: Updating Maven Project] INFO  o.e.m.j.i.AbstractJavaProjectConfigurator - Resources folder /Polynomial/src/test/resources overlaps with sources folder /Polynomial/src
2025-01-16 11:41:13,151 [Worker-26: Updating Maven Project] INFO  o.e.m.c.i.p.ProjectConfigurationManager - Update completed for 1 poms: local refresh takes 0.00 sec, refresh facades takes 0.00 sec, update config takes 0.00 sec 
2025-01-16 11:41:13,361 [Worker-24: Building] WARN  o.a.m.s.f.DefaultMavenResourcesFiltering - Using platform encoding (Cp1252 actually) to copy filtered resources, i.e. build is platform dependent!
2025-01-16 11:41:13,362 [Worker-24: Building] INFO  o.a.m.s.f.DefaultMavenResourcesFiltering - skip non existing resourceDirectory C:\Chikki\Catlog\Polynomial\src\main\resources
2025-01-16 11:41:13,368 [Worker-24: Building] WARN  o.a.m.s.f.DefaultMavenResourcesFiltering - Using platform encoding (Cp1252 actually) to copy filtered resources, i.e. build is platform dependent!
2025-01-16 11:41:13,370 [Worker-24: Building] INFO  o.a.m.s.f.DefaultMavenResourcesFiltering - skip non existing resourceDirectory C:\Chikki\Catlog\Polynomial\src\test\resources
2025-01-16 11:41:38,158 [main] INFO  o.e.m2e.actions.ExecutePomAction - Creating new launch configuration
2025-01-16 11:41:48,652 [Worker-26: Launching Polynomial] INFO  o.eclipse.m2e.core.internal.Bundles - getClasspathEntries(Bundle=org.eclipse.m2e.maven.runtime_3.9.600.20231203-1234 [354])
2025-01-16 11:41:48,657 [Worker-26: Launching Polynomial] INFO  o.eclipse.m2e.core.internal.Bundles - 	Entry: C:\Users\rasag\Downloads\sts-4.22.1.RELEASE\plugins\org.eclipse.m2e.maven.runtime_3.9.600.20231203-1234
2025-01-16 11:41:48,659 [Worker-26: Launching Polynomial] INFO  o.eclipse.m2e.core.internal.Bundles - 	Entry: C:\Users\rasag\Downloads\sts-4.22.1.RELEASE\plugins\org.eclipse.m2e.maven.runtime_3.9.600.20231203-1234\jars\aopalliance-1.0.jar
2025-01-16 11:41:48,660 [Worker-26: Launching Polynomial] INFO  o.eclipse.m2e.core.internal.Bundles - 	Entry: C:\Users\rasag\Downloads\sts-4.22.1.RELEASE\plugins\org.eclipse.m2e.maven.runtime_3.9.600.20231203-1234\jars\guice-5.1.0.jar
2025-01-16 11:41:48,661 [Worker-26: Launching Polynomial] INFO  o.eclipse.m2e.core.internal.Bundles - 	Entry: C:\Users\rasag\Downloads\sts-4.22.1.RELEASE\plugins\org.eclipse.m2e.maven.runtime_3.9.600.20231203-1234\jars\httpclient-4.5.14.jar
2025-01-16 11:41:48,663 [Worker-26: Launching Polynomial] INFO  o.eclipse.m2e.core.internal.Bundles - 	Entry: C:\Users\rasag\Downloads\sts-4.22.1.RELEASE\plugins\org.eclipse.m2e.maven.runtime_3.9.600.20231203-1234\jars\httpcore-4.4.16.jar
2025-01-16 11:41:48,664 [Worker-26: Launching Polynomial] INFO  o.eclipse.m2e.core.internal.Bundles - 	Entry: C:\Users\rasag\Downloads\sts-4.22.1.RELEASE\plugins\org.eclipse.m2e.maven.runtime_3.9.600.20231203-1234\jars\jansi-2.4.0.jar
2025-01-16 11:41:48,665 [Worker-26: Launching Polynomial] INFO  o.eclipse.m2e.core.internal.Bundles - 	Entry: C:\Users\rasag\Downloads\sts-4.22.1.RELEASE\plugins\org.eclipse.m2e.maven.runtime_3.9.600.20231203-1234\jars\jcl-over-slf4j-1.7.36.jar
2025-01-16 11:41:48,666 [Worker-26: Launching Polynomial] INFO  o.eclipse.m2e.core.internal.Bundles - 	Entry: C:\Users\rasag\Downloads\sts-4.22.1.RELEASE\plugins\org.eclipse.m2e.maven.runtime_3.9.600.20231203-1234\jars\maven-artifact-3.9.6.jar
2025-01-16 11:41:48,667 [Worker-26: Launching Polynomial] INFO  o.eclipse.m2e.core.internal.Bundles - 	Entry: C:\Users\rasag\Downloads\sts-4.22.1.RELEASE\plugins\org.eclipse.m2e.maven.runtime_3.9.600.20231203-1234\jars\maven-builder-support-3.9.6.jar
2025-01-16 11:41:48,668 [Worker-26: Launching Polynomial] INFO  o.eclipse.m2e.core.internal.Bundles - 	Entry: C:\Users\rasag\Downloads\sts-4.22.1.RELEASE\plugins\org.eclipse.m2e.maven.runtime_3.9.600.20231203-1234\jars\maven-compat-3.9.6.jar
2025-01-16 11:41:48,669 [Worker-26: Launching Polynomial] INFO  o.eclipse.m2e.core.internal.Bundles - 	Entry: C:\Users\rasag\Downloads\sts-4.22.1.RELEASE\plugins\org.eclipse.m2e.maven.runtime_3.9.600.20231203-1234\jars\maven-core-3.9.6.jar
2025-01-16 11:41:48,670 [Worker-26: Launching Polynomial] INFO  o.eclipse.m2e.core.internal.Bundles - 	Entry: C:\Users\rasag\Downloads\sts-4.22.1.RELEASE\plugins\org.eclipse.m2e.maven.runtime_3.9.600.20231203-1234\jars\maven-embedder-3.9.6.jar
2025-01-16 11:41:48,671 [Worker-26: Launching Polynomial] INFO  o.eclipse.m2e.core.internal.Bundles - 	Entry: C:\Users\rasag\Downloads\sts-4.22.1.RELEASE\plugins\org.eclipse.m2e.maven.runtime_3.9.600.20231203-1234\jars\maven-model-3.9.6.jar
2025-01-16 11:41:48,672 [Worker-26: Launching Polynomial] INFO  o.eclipse.m2e.core.internal.Bundles - 	Entry: C:\Users\rasag\Downloads\sts-4.22.1.RELEASE\plugins\org.eclipse.m2e.maven.runtime_3.9.600.20231203-1234\jars\maven-model-builder-3.9.6.jar
2025-01-16 11:41:48,673 [Worker-26: Launching Polynomial] INFO  o.eclipse.m2e.core.internal.Bundles - 	Entry: C:\Users\rasag\Downloads\sts-4.22.1.RELEASE\plugins\org.eclipse.m2e.maven.runtime_3.9.600.20231203-1234\jars\maven-plugin-api-3.9.6.jar
2025-01-16 11:41:48,674 [Worker-26: Launching Polynomial] INFO  o.eclipse.m2e.core.internal.Bundles - 	Entry: C:\Users\rasag\Downloads\sts-4.22.1.RELEASE\plugins\org.eclipse.m2e.maven.runtime_3.9.600.20231203-1234\jars\maven-repository-metadata-3.9.6.jar
2025-01-16 11:41:48,675 [Worker-26: Launching Polynomial] INFO  o.eclipse.m2e.core.internal.Bundles - 	Entry: C:\Users\rasag\Downloads\sts-4.22.1.RELEASE\plugins\org.eclipse.m2e.maven.runtime_3.9.600.20231203-1234\jars\maven-resolver-api-1.9.18.jar
2025-01-16 11:41:48,675 [Worker-26: Launching Polynomial] INFO  o.eclipse.m2e.core.internal.Bundles - 	Entry: C:\Users\rasag\Downloads\sts-4.22.1.RELEASE\plugins\org.eclipse.m2e.maven.runtime_3.9.600.20231203-1234\jars\maven-resolver-connector-basic-1.9.18.jar
2025-01-16 11:41:48,677 [Worker-26: Launching Polynomial] INFO  o.eclipse.m2e.core.internal.Bundles - 	Entry: C:\Users\rasag\Downloads\sts-4.22.1.RELEASE\plugins\org.eclipse.m2e.maven.runtime_3.9.600.20231203-1234\jars\maven-resolver-impl-1.9.18.jar
2025-01-16 11:41:48,678 [Worker-26: Launching Polynomial] INFO  o.eclipse.m2e.core.internal.Bundles - 	Entry: C:\Users\rasag\Downloads\sts-4.22.1.RELEASE\plugins\org.eclipse.m2e.maven.runtime_3.9.600.20231203-1234\jars\maven-resolver-named-locks-1.9.18.jar
2025-01-16 11:41:48,679 [Worker-26: Launching Polynomial] INFO  o.eclipse.m2e.core.internal.Bundles - 	Entry: C:\Users\rasag\Downloads\sts-4.22.1.RELEASE\plugins\org.eclipse.m2e.maven.runtime_3.9.600.20231203-1234\jars\maven-resolver-provider-3.9.6.jar
2025-01-16 11:41:48,680 [Worker-26: Launching Polynomial] INFO  o.eclipse.m2e.core.internal.Bundles - 	Entry: C:\Users\rasag\Downloads\sts-4.22.1.RELEASE\plugins\org.eclipse.m2e.maven.runtime_3.9.600.20231203-1234\jars\maven-resolver-spi-1.9.18.jar
2025-01-16 11:41:48,680 [Worker-26: Launching Polynomial] INFO  o.eclipse.m2e.core.internal.Bundles - 	Entry: C:\Users\rasag\Downloads\sts-4.22.1.RELEASE\plugins\org.eclipse.m2e.maven.runtime_3.9.600.20231203-1234\jars\maven-resolver-transport-file-1.9.18.jar
2025-01-16 11:41:48,682 [Worker-26: Launching Polynomial] INFO  o.eclipse.m2e.core.internal.Bundles - 	Entry: C:\Users\rasag\Downloads\sts-4.22.1.RELEASE\plugins\org.eclipse.m2e.maven.runtime_3.9.600.20231203-1234\jars\maven-resolver-transport-http-1.9.18.jar
2025-01-16 11:41:48,683 [Worker-26: Launching Polynomial] INFO  o.eclipse.m2e.core.internal.Bundles - 	Entry: C:\Users\rasag\Downloads\sts-4.22.1.RELEASE\plugins\org.eclipse.m2e.maven.runtime_3.9.600.20231203-1234\jars\maven-resolver-transport-wagon-1.9.18.jar
2025-01-16 11:41:48,683 [Worker-26: Launching Polynomial] INFO  o.eclipse.m2e.core.internal.Bundles - 	Entry: C:\Users\rasag\Downloads\sts-4.22.1.RELEASE\plugins\org.eclipse.m2e.maven.runtime_3.9.600.20231203-1234\jars\maven-resolver-util-1.9.18.jar
2025-01-16 11:41:48,684 [Worker-26: Launching Polynomial] INFO  o.eclipse.m2e.core.internal.Bundles - 	Entry: C:\Users\rasag\Downloads\sts-4.22.1.RELEASE\plugins\org.eclipse.m2e.maven.runtime_3.9.600.20231203-1234\jars\maven-settings-3.9.6.jar
2025-01-16 11:41:48,685 [Worker-26: Launching Polynomial] INFO  o.eclipse.m2e.core.internal.Bundles - 	Entry: C:\Users\rasag\Downloads\sts-4.22.1.RELEASE\plugins\org.eclipse.m2e.maven.runtime_3.9.600.20231203-1234\jars\maven-settings-builder-3.9.6.jar
2025-01-16 11:41:48,685 [Worker-26: Launching Polynomial] INFO  o.eclipse.m2e.core.internal.Bundles - 	Entry: C:\Users\rasag\Downloads\sts-4.22.1.RELEASE\plugins\org.eclipse.m2e.maven.runtime_3.9.600.20231203-1234\jars\maven-shared-utils-3.3.4.jar
2025-01-16 11:41:48,686 [Worker-26: Launching Polynomial] INFO  o.eclipse.m2e.core.internal.Bundles - 	Entry: C:\Users\rasag\Downloads\sts-4.22.1.RELEASE\plugins\org.eclipse.m2e.maven.runtime_3.9.600.20231203-1234\jars\org.eclipse.sisu.inject-0.9.0.M2.jar
2025-01-16 11:41:48,687 [Worker-26: Launching Polynomial] INFO  o.eclipse.m2e.core.internal.Bundles - 	Entry: C:\Users\rasag\Downloads\sts-4.22.1.RELEASE\plugins\org.eclipse.m2e.maven.runtime_3.9.600.20231203-1234\jars\org.eclipse.sisu.plexus-0.9.0.M2.jar
2025-01-16 11:41:48,688 [Worker-26: Launching Polynomial] INFO  o.eclipse.m2e.core.internal.Bundles - 	Entry: C:\Users\rasag\Downloads\sts-4.22.1.RELEASE\plugins\org.eclipse.m2e.maven.runtime_3.9.600.20231203-1234\jars\plexus-build-api-0.0.7.jar
2025-01-16 11:41:48,688 [Worker-26: Launching Polynomial] INFO  o.eclipse.m2e.core.internal.Bundles - 	Entry: C:\Users\rasag\Downloads\sts-4.22.1.RELEASE\plugins\org.eclipse.m2e.maven.runtime_3.9.600.20231203-1234\jars\plexus-cipher-2.0.jar
2025-01-16 11:41:48,689 [Worker-26: Launching Polynomial] INFO  o.eclipse.m2e.core.internal.Bundles - 	Entry: C:\Users\rasag\Downloads\sts-4.22.1.RELEASE\plugins\org.eclipse.m2e.maven.runtime_3.9.600.20231203-1234\jars\plexus-classworlds-2.7.0.jar
2025-01-16 11:41:48,689 [Worker-26: Launching Polynomial] INFO  o.eclipse.m2e.core.internal.Bundles - 	Entry: C:\Users\rasag\Downloads\sts-4.22.1.RELEASE\plugins\org.eclipse.m2e.maven.runtime_3.9.600.20231203-1234\jars\plexus-component-annotations-2.1.0.jar
2025-01-16 11:41:48,690 [Worker-26: Launching Polynomial] INFO  o.eclipse.m2e.core.internal.Bundles - 	Entry: C:\Users\rasag\Downloads\sts-4.22.1.RELEASE\plugins\org.eclipse.m2e.maven.runtime_3.9.600.20231203-1234\jars\plexus-interpolation-1.26.jar
2025-01-16 11:41:48,690 [Worker-26: Launching Polynomial] INFO  o.eclipse.m2e.core.internal.Bundles - 	Entry: C:\Users\rasag\Downloads\sts-4.22.1.RELEASE\plugins\org.eclipse.m2e.maven.runtime_3.9.600.20231203-1234\jars\plexus-sec-dispatcher-2.0.jar
2025-01-16 11:41:48,691 [Worker-26: Launching Polynomial] INFO  o.eclipse.m2e.core.internal.Bundles - 	Entry: C:\Users\rasag\Downloads\sts-4.22.1.RELEASE\plugins\org.eclipse.m2e.maven.runtime_3.9.600.20231203-1234\jars\plexus-utils-3.5.1.jar
2025-01-16 11:41:48,692 [Worker-26: Launching Polynomial] INFO  o.eclipse.m2e.core.internal.Bundles - 	Entry: C:\Users\rasag\Downloads\sts-4.22.1.RELEASE\plugins\org.eclipse.m2e.maven.runtime_3.9.600.20231203-1234\jars\wagon-file-3.5.3.jar
2025-01-16 11:41:48,693 [Worker-26: Launching Polynomial] INFO  o.eclipse.m2e.core.internal.Bundles - 	Entry: C:\Users\rasag\Downloads\sts-4.22.1.RELEASE\plugins\org.eclipse.m2e.maven.runtime_3.9.600.20231203-1234\jars\wagon-http-3.5.3.jar
2025-01-16 11:41:48,694 [Worker-26: Launching Polynomial] INFO  o.eclipse.m2e.core.internal.Bundles - 	Entry: C:\Users\rasag\Downloads\sts-4.22.1.RELEASE\plugins\org.eclipse.m2e.maven.runtime_3.9.600.20231203-1234\jars\wagon-http-shared-3.5.3.jar
2025-01-16 11:41:48,695 [Worker-26: Launching Polynomial] INFO  o.eclipse.m2e.core.internal.Bundles - 	Entry: C:\Users\rasag\Downloads\sts-4.22.1.RELEASE\plugins\org.eclipse.m2e.maven.runtime_3.9.600.20231203-1234\jars\wagon-provider-api-3.5.3.jar
2025-01-16 11:41:48,697 [Worker-26: Launching Polynomial] INFO  o.eclipse.m2e.core.internal.Bundles - getClasspathEntries(Bundle=com.google.guava_33.0.0.jre [27])
2025-01-16 11:41:48,698 [Worker-26: Launching Polynomial] INFO  o.eclipse.m2e.core.internal.Bundles - 	Entry: C:\Users\rasag\Downloads\sts-4.22.1.RELEASE\plugins\com.google.guava_33.0.0.jre.jar
2025-01-16 11:41:48,698 [Worker-26: Launching Polynomial] INFO  o.eclipse.m2e.core.internal.Bundles - getClasspathEntries(Bundle=slf4j.api_2.0.12 [584])
2025-01-16 11:41:48,698 [Worker-26: Launching Polynomial] INFO  o.eclipse.m2e.core.internal.Bundles - 	Entry: C:\Users\rasag\Downloads\sts-4.22.1.RELEASE\plugins\slf4j.api_2.0.12.jar
2025-01-16 11:41:48,698 [Worker-26: Launching Polynomial] INFO  o.eclipse.m2e.core.internal.Bundles - getClasspathEntries(Bundle=jakarta.inject.jakarta.inject-api_1.0.5 [44])
2025-01-16 11:41:48,699 [Worker-26: Launching Polynomial] INFO  o.eclipse.m2e.core.internal.Bundles - 	Entry: C:\Users\rasag\Downloads\sts-4.22.1.RELEASE\plugins\jakarta.inject.jakarta.inject-api_1.0.5.jar
2025-01-16 11:41:48,699 [Worker-26: Launching Polynomial] INFO  o.eclipse.m2e.core.internal.Bundles - getClasspathEntries(Bundle=jakarta.annotation-api_1.3.5 [40])
2025-01-16 11:41:48,699 [Worker-26: Launching Polynomial] INFO  o.eclipse.m2e.core.internal.Bundles - 	Entry: C:\Users\rasag\Downloads\sts-4.22.1.RELEASE\plugins\jakarta.annotation-api_1.3.5.jar
2025-01-16 11:41:48,700 [Worker-26: Launching Polynomial] INFO  o.eclipse.m2e.core.internal.Bundles - getClasspathEntries(Bundle=org.apache.commons.cli_1.6.0 [75])
2025-01-16 11:41:48,700 [Worker-26: Launching Polynomial] INFO  o.eclipse.m2e.core.internal.Bundles - 	Entry: C:\Users\rasag\Downloads\sts-4.22.1.RELEASE\plugins\org.apache.commons.cli_1.6.0.jar
2025-01-16 11:41:48,701 [Worker-26: Launching Polynomial] INFO  o.eclipse.m2e.core.internal.Bundles - getClasspathEntries(Bundle=org.apache.commons.commons-codec_1.16.0 [77])
2025-01-16 11:41:48,702 [Worker-26: Launching Polynomial] INFO  o.eclipse.m2e.core.internal.Bundles - 	Entry: C:\Users\rasag\Downloads\sts-4.22.1.RELEASE\plugins\org.apache.commons.commons-codec_1.16.0.jar
2025-01-16 11:41:48,702 [Worker-26: Launching Polynomial] INFO  o.eclipse.m2e.core.internal.Bundles - getClasspathEntries(Bundle=org.apache.commons.lang3_3.14.0 [81])
2025-01-16 11:41:48,703 [Worker-26: Launching Polynomial] INFO  o.eclipse.m2e.core.internal.Bundles - 	Entry: C:\Users\rasag\Downloads\sts-4.22.1.RELEASE\plugins\org.apache.commons.lang3_3.14.0.jar
2025-01-16 11:41:48,703 [Worker-26: Launching Polynomial] INFO  o.eclipse.m2e.core.internal.Bundles - getClasspathEntries(Bundle=com.google.guava.failureaccess_1.0.2 [29])
2025-01-16 11:41:48,703 [Worker-26: Launching Polynomial] INFO  o.eclipse.m2e.core.internal.Bundles - 	Entry: C:\Users\rasag\Downloads\sts-4.22.1.RELEASE\plugins\com.google.guava.failureaccess_1.0.2.jar
2025-01-16 11:41:48,709 [Worker-26: Launching Polynomial] INFO  o.e.m.i.launch.MavenLaunchDelegate - Run build in "C:\Chikki\Catlog\Polynomial":
2025-01-16 11:41:48,719 [Worker-26: Launching Polynomial] INFO  o.e.m.i.launch.MavenLaunchDelegate -  mvn  -B -Dstyle.color=always 
2025-01-16 11:43:19,407 [Worker-30: Building] WARN  o.a.m.s.f.DefaultMavenResourcesFiltering - Using platform encoding (Cp1252 actually) to copy filtered resources, i.e. build is platform dependent!
2025-01-16 11:43:19,409 [Worker-30: Building] INFO  o.a.m.s.f.DefaultMavenResourcesFiltering - skip non existing resourceDirectory C:\Chikki\Catlog\Polynomial\src\main\resources
2025-01-16 11:43:19,413 [Worker-30: Building] WARN  o.a.m.s.f.DefaultMavenResourcesFiltering - Using platform encoding (Cp1252 actually) to copy filtered resources, i.e. build is platform dependent!
2025-01-16 11:43:19,415 [Worker-30: Building] INFO  o.a.m.s.f.DefaultMavenResourcesFiltering - skip non existing resourceDirectory C:\Chikki\Catlog\Polynomial\src\test\resources
2025-01-16 11:43:36,135 [Worker-26: Updating Maven Project] INFO  o.e.m.c.i.p.ProjectConfigurationManager - Update started
2025-01-16 11:43:36,782 [Worker-26: Updating Maven Project] INFO  o.e.m.c.i.l.LifecycleMappingFactory - Using org.eclipse.m2e.jdt.JarLifecycleMapping lifecycle mapping for MavenProject: Polynomial:Polynomial:0.0.1-SNAPSHOT @ C:\Chikki\Catlog\Polynomial\pom.xml.
2025-01-16 11:43:37,029 [Worker-26: Updating Maven Project] INFO  o.e.m.j.i.AbstractJavaProjectConfigurator - Adding source folder /Polynomial/src
2025-01-16 11:43:37,030 [Worker-26: Updating Maven Project] INFO  o.e.m.j.i.AbstractJavaProjectConfigurator - Resources folder /Polynomial/src/main/resources overlaps with sources folder /Polynomial/src
2025-01-16 11:43:37,031 [Worker-26: Updating Maven Project] INFO  o.e.m.j.i.AbstractJavaProjectConfigurator - Not adding source folder /Polynomial/src/test/java because it overlaps with /Polynomial/src
2025-01-16 11:43:37,032 [Worker-26: Updating Maven Project] INFO  o.e.m.j.i.AbstractJavaProjectConfigurator - Resources folder /Polynomial/src/test/resources overlaps with sources folder /Polynomial/src
2025-01-16 11:43:37,372 [Worker-26: Updating Maven Project] INFO  o.e.m.c.i.p.ProjectConfigurationManager - Update completed for 1 poms: local refresh takes 0.00 sec, refresh facades takes 0.00 sec, update config takes 0.00 sec 
2025-01-16 11:43:37,612 [Worker-26: Building] WARN  o.a.m.s.f.DefaultMavenResourcesFiltering - Using platform encoding (Cp1252 actually) to copy filtered resources, i.e. build is platform dependent!
2025-01-16 11:43:37,614 [Worker-26: Building] INFO  o.a.m.s.f.DefaultMavenResourcesFiltering - skip non existing resourceDirectory C:\Chikki\Catlog\Polynomial\src\main\resources
2025-01-16 11:43:37,624 [Worker-26: Building] WARN  o.a.m.s.f.DefaultMavenResourcesFiltering - Using platform encoding (Cp1252 actually) to copy filtered resources, i.e. build is platform dependent!
2025-01-16 11:43:37,626 [Worker-26: Building] INFO  o.a.m.s.f.DefaultMavenResourcesFiltering - skip non existing resourceDirectory C:\Chikki\Catlog\Polynomial\src\test\resources
2025-01-16 11:44:56,180 [Worker-10: Building] WARN  o.a.m.s.f.DefaultMavenResourcesFiltering - Using platform encoding (Cp1252 actually) to copy filtered resources, i.e. build is platform dependent!
2025-01-16 11:44:56,181 [Worker-10: Building] INFO  o.a.m.s.f.DefaultMavenResourcesFiltering - skip non existing resourceDirectory C:\Chikki\Catlog\Polynomial\src\main\resources
2025-01-16 11:44:56,183 [Worker-10: Building] WARN  o.a.m.s.f.DefaultMavenResourcesFiltering - Using platform encoding (Cp1252 actually) to copy filtered resources, i.e. build is platform dependent!
2025-01-16 11:44:56,186 [Worker-10: Building] INFO  o.a.m.s.f.DefaultMavenResourcesFiltering - skip non existing resourceDirectory C:\Chikki\Catlog\Polynomial\src\test\resources
2025-01-16 11:52:46,339 [Worker-36: Building] WARN  o.a.m.s.f.DefaultMavenResourcesFiltering - Using platform encoding (Cp1252 actually) to copy filtered resources, i.e. build is platform dependent!
2025-01-16 11:52:46,343 [Worker-36: Building] INFO  o.a.m.s.f.DefaultMavenResourcesFiltering - skip non existing resourceDirectory C:\Chikki\Catlog\Polynomial\src\main\resources
2025-01-16 11:52:46,351 [Worker-36: Building] WARN  o.a.m.s.f.DefaultMavenResourcesFiltering - Using platform encoding (Cp1252 actually) to copy filtered resources, i.e. build is platform dependent!
2025-01-16 11:52:46,352 [Worker-36: Building] INFO  o.a.m.s.f.DefaultMavenResourcesFiltering - skip non existing resourceDirectory C:\Chikki\Catlog\Polynomial\src\test\resources
2025-01-16 11:53:18,449 [Worker-34: Building] WARN  o.a.m.s.f.DefaultMavenResourcesFiltering - Using platform encoding (Cp1252 actually) to copy filtered resources, i.e. build is platform dependent!
2025-01-16 11:53:18,450 [Worker-34: Building] INFO  o.a.m.s.f.DefaultMavenResourcesFiltering - skip non existing resourceDirectory C:\Chikki\Catlog\Polynomial\src\main\resources
2025-01-16 11:53:18,455 [Worker-34: Building] WARN  o.a.m.s.f.DefaultMavenResourcesFiltering - Using platform encoding (Cp1252 actually) to copy filtered resources, i.e. build is platform dependent!
2025-01-16 11:53:18,456 [Worker-34: Building] INFO  o.a.m.s.f.DefaultMavenResourcesFiltering - skip non existing resourceDirectory C:\Chikki\Catlog\Polynomial\src\test\resources
2025-01-16 11:53:24,369 [Worker-34: Building] WARN  o.a.m.s.f.DefaultMavenResourcesFiltering - Using platform encoding (Cp1252 actually) to copy filtered resources, i.e. build is platform dependent!
2025-01-16 11:53:24,370 [Worker-34: Building] INFO  o.a.m.s.f.DefaultMavenResourcesFiltering - skip non existing resourceDirectory C:\Chikki\Catlog\Polynomial\src\main\resources
2025-01-16 11:53:24,375 [Worker-34: Building] WARN  o.a.m.s.f.DefaultMavenResourcesFiltering - Using platform encoding (Cp1252 actually) to copy filtered resources, i.e. build is platform dependent!
2025-01-16 11:53:24,377 [Worker-34: Building] INFO  o.a.m.s.f.DefaultMavenResourcesFiltering - skip non existing resourceDirectory C:\Chikki\Catlog\Polynomial\src\test\resources
2025-01-16 11:53:31,632 [Worker-32: Building] WARN  o.a.m.s.f.DefaultMavenResourcesFiltering - Using platform encoding (Cp1252 actually) to copy filtered resources, i.e. build is platform dependent!
2025-01-16 11:53:31,633 [Worker-32: Building] INFO  o.a.m.s.f.DefaultMavenResourcesFiltering - skip non existing resourceDirectory C:\Chikki\Catlog\Polynomial\src\main\resources
2025-01-16 11:53:31,636 [Worker-32: Building] WARN  o.a.m.s.f.DefaultMavenResourcesFiltering - Using platform encoding (Cp1252 actually) to copy filtered resources, i.e. build is platform dependent!
2025-01-16 11:53:31,637 [Worker-32: Building] INFO  o.a.m.s.f.DefaultMavenResourcesFiltering - skip non existing resourceDirectory C:\Chikki\Catlog\Polynomial\src\test\resources
